<?xml version="1.0" encoding="UTF-8"?>
<testsuite name="med.voll.api.controller.ConsultaControllerTest" tests="1" skipped="0" failures="0" errors="0" timestamp="2025-07-22T00:16:05.657Z" hostname="DESKTOP-25SG1IA" time="0.359">
  <properties/>
  <testcase name="Deveria devolver codigo http 200 quando informações estão validas" classname="med.voll.api.controller.ConsultaControllerTest" time="0.359"/>
  <system-out><![CDATA[21:15:55.186 [Test worker] INFO org.springframework.test.context.support.AnnotationConfigContextLoaderUtils -- Could not detect default configuration classes for test class [med.voll.api.controller.ConsultaControllerTest]: ConsultaControllerTest does not declare any static, non-private, non-final, nested classes annotated with @Configuration.
21:15:55.361 [Test worker] INFO org.springframework.boot.test.context.SpringBootTestContextBootstrapper -- Found @SpringBootConfiguration med.voll.api.ApiApplication for test class med.voll.api.controller.ConsultaControllerTest

  .   ____          _            __ _ _
 /\\ / ___'_ __ _ _(_)_ __  __ _ \ \ \ \
( ( )\___ | '_ | '_| | '_ \/ _` | \ \ \ \
 \\/  ___)| |_)| | | | | || (_| |  ) ) ) )
  '  |____| .__|_| |_|_| |_\__, | / / / /
 =========|_|==============|___/=/_/_/_/

 :: Spring Boot ::                (v3.5.3)

2025-07-21T21:15:55.932-03:00  INFO 13460 --- [    Test worker] m.v.a.controller.ConsultaControllerTest  : Starting ConsultaControllerTest using Java 24.0.1 with PID 13460 (started by User in D:\estudo\alura\api)
2025-07-21T21:15:55.934-03:00  INFO 13460 --- [    Test worker] m.v.a.controller.ConsultaControllerTest  : No active profile set, falling back to 1 default profile: "default"
2025-07-21T21:15:56.938-03:00  INFO 13460 --- [    Test worker] .s.d.r.c.RepositoryConfigurationDelegate : Bootstrapping Spring Data JPA repositories in DEFAULT mode.
2025-07-21T21:15:57.039-03:00  INFO 13460 --- [    Test worker] .s.d.r.c.RepositoryConfigurationDelegate : Finished Spring Data repository scanning in 87 ms. Found 4 JPA repository interfaces.
2025-07-21T21:15:59.222-03:00  INFO 13460 --- [    Test worker] com.zaxxer.hikari.HikariDataSource       : HikariPool-1 - Starting...
2025-07-21T21:15:59.877-03:00  INFO 13460 --- [    Test worker] com.zaxxer.hikari.pool.HikariPool        : HikariPool-1 - Added connection com.mysql.cj.jdbc.ConnectionImpl@33089426
2025-07-21T21:15:59.881-03:00  INFO 13460 --- [    Test worker] com.zaxxer.hikari.HikariDataSource       : HikariPool-1 - Start completed.
2025-07-21T21:15:59.975-03:00  INFO 13460 --- [    Test worker] org.flywaydb.core.FlywayExecutor         : Database: jdbc:mysql://localhost:3306/vollmed_api (MySQL 8.0)
2025-07-21T21:16:00.108-03:00  INFO 13460 --- [    Test worker] o.f.core.internal.command.DbValidate     : Successfully validated 8 migrations (execution time 00:00.066s)
2025-07-21T21:16:00.160-03:00  INFO 13460 --- [    Test worker] o.f.core.internal.command.DbMigrate      : Current version of schema `vollmed_api`: 8
2025-07-21T21:16:00.169-03:00  INFO 13460 --- [    Test worker] o.f.core.internal.command.DbMigrate      : Schema `vollmed_api` is up to date. No migration necessary.
2025-07-21T21:16:00.427-03:00  INFO 13460 --- [    Test worker] o.hibernate.jpa.internal.util.LogHelper  : HHH000204: Processing PersistenceUnitInfo [name: default]
2025-07-21T21:16:00.584-03:00  INFO 13460 --- [    Test worker] org.hibernate.Version                    : HHH000412: Hibernate ORM core version 6.6.18.Final
2025-07-21T21:16:00.663-03:00  INFO 13460 --- [    Test worker] o.h.c.internal.RegionFactoryInitiator    : HHH000026: Second-level cache disabled
2025-07-21T21:16:00.912-03:00  INFO 13460 --- [    Test worker] o.s.o.j.p.SpringPersistenceUnitInfo      : No LoadTimeWeaver setup: ignoring JPA class transformer
2025-07-21T21:16:01.013-03:00  WARN 13460 --- [    Test worker] org.hibernate.orm.deprecation            : HHH90000025: MySQLDialect does not need to be specified explicitly using 'hibernate.dialect' (remove the property setting and it will be selected by default)
2025-07-21T21:16:01.036-03:00  INFO 13460 --- [    Test worker] org.hibernate.orm.connections.pooling    : HHH10001005: Database info:
	Database JDBC URL [Connecting through datasource 'HikariDataSource (HikariPool-1)']
	Database driver: undefined/unknown
	Database version: 8.0.42
	Autocommit mode: undefined/unknown
	Isolation level: undefined/unknown
	Minimum pool size: undefined/unknown
	Maximum pool size: undefined/unknown
2025-07-21T21:16:02.413-03:00  INFO 13460 --- [    Test worker] o.h.e.t.j.p.i.JtaPlatformInitiator       : HHH000489: No JTA platform available (set 'hibernate.transaction.jta.platform' to enable JTA platform integration)
2025-07-21T21:16:02.422-03:00  INFO 13460 --- [    Test worker] j.LocalContainerEntityManagerFactoryBean : Initialized JPA EntityManagerFactory for persistence unit 'default'
2025-07-21T21:16:02.957-03:00  INFO 13460 --- [    Test worker] r$InitializeUserDetailsManagerConfigurer : Global AuthenticationManager configured with UserDetailsService bean with name autenticacaoService
2025-07-21T21:16:03.038-03:00  INFO 13460 --- [    Test worker] o.s.d.j.r.query.QueryEnhancerFactory     : Hibernate is in classpath; If applicable, HQL parser will be used.
2025-07-21T21:16:04.289-03:00  WARN 13460 --- [    Test worker] JpaBaseConfiguration$JpaWebConfiguration : spring.jpa.open-in-view is enabled by default. Therefore, database queries may be performed during view rendering. Explicitly configure spring.jpa.open-in-view to disable this warning
2025-07-21T21:16:05.558-03:00  INFO 13460 --- [    Test worker] o.s.b.t.m.w.SpringBootMockServletContext : Initializing Spring TestDispatcherServlet ''
2025-07-21T21:16:05.559-03:00  INFO 13460 --- [    Test worker] o.s.t.web.servlet.TestDispatcherServlet  : Initializing Servlet ''
2025-07-21T21:16:05.562-03:00  INFO 13460 --- [    Test worker] o.s.t.web.servlet.TestDispatcherServlet  : Completed initialization in 2 ms
2025-07-21T21:16:05.617-03:00  INFO 13460 --- [    Test worker] m.v.a.controller.ConsultaControllerTest  : Started ConsultaControllerTest in 10.066 seconds (process running for 11.496)
]]></system-out>
  <system-err><![CDATA[Mockito is currently self-attaching to enable the inline-mock-maker. This will no longer work in future releases of the JDK. Please add Mockito as an agent to your build as described in Mockito's documentation: https://javadoc.io/doc/org.mockito/mockito-core/latest/org.mockito/org/mockito/Mockito.html#0.3
WARNING: A Java agent has been loaded dynamically (C:\Users\User\.gradle\caches\modules-2\files-2.1\net.bytebuddy\byte-buddy-agent\1.17.6\17b32fd9f57deef02842f7f05abc4ad8127fe34e\byte-buddy-agent-1.17.6.jar)
WARNING: If a serviceability tool is in use, please run with -XX:+EnableDynamicAgentLoading to hide this warning
WARNING: If a serviceability tool is not in use, please run with -Djdk.instrument.traceUsage for more information
WARNING: Dynamic loading of agents will be disallowed by default in a future release
]]></system-err>
</testsuite>
